<?xml version="1.0" encoding="UTF-8"?>
<testng-results ignored="0" total="1" passed="1" failed="0" skipped="0">
  <reporter-output>
  </reporter-output>
  <suite started-at="2025-09-30T12:47:18 IST" name="Default suite" finished-at="2025-09-30T12:47:29 IST" duration-ms="11230">
    <groups>
    </groups>
    <test started-at="2025-09-30T12:47:18 IST" name="Default test" finished-at="2025-09-30T12:47:29 IST" duration-ms="11230">
      <class name="testScripts.LoginTest">
        <test-method is-config="true" signature="intialiseBrowser()[pri:0, instance:testScripts.LoginTest@459e9125]" started-at="2025-09-30T12:47:18 IST" name="intialiseBrowser" finished-at="2025-09-30T12:47:24 IST" duration-ms="6134" status="PASS">
          <reporter-output>
          </reporter-output>
        </test-method> <!-- intialiseBrowser -->
        <test-method signature="verifyWheteherUserisAbleToLoginWithInvalidCredentials()[pri:0, instance:testScripts.LoginTest@459e9125]" started-at="2025-09-30T12:47:24 IST" name="verifyWheteherUserisAbleToLoginWithInvalidCredentials" finished-at="2025-09-30T12:47:29 IST" duration-ms="4871" status="PASS">
          <reporter-output>
          </reporter-output>
        </test-method> <!-- verifyWheteherUserisAbleToLoginWithInvalidCredentials -->
        <test-method is-config="true" signature="driverClose()[pri:0, instance:testScripts.LoginTest@459e9125]" started-at="2025-09-30T12:47:29 IST" name="driverClose" finished-at="2025-09-30T12:47:29 IST" duration-ms="6" status="PASS">
          <reporter-output>
          </reporter-output>
        </test-method> <!-- driverClose -->
      </class> <!-- testScripts.LoginTest -->
    </test> <!-- Default test -->
  </suite> <!-- Default suite -->
</testng-results>
