<?xml version="1.0" encoding="UTF-8"?>
<!-- Generated by org.testng.reporters.JUnitXMLReporter -->
<testsuite ignored="3" hostname="DESKTOP-EMKECK1" failures="0" tests="1" name="Default test" time="4.072" errors="0" timestamp="2025-09-26T21:11:20 IST">
  <testcase classname="testScripts.LoginTest" name="verifyWheterUserisAbleToLoginWithValidCredentials" time="1.266"/>
  <testcase classname="testScripts.LoginTest" name="verifyWhetherUserisAbleToLoginWithInvalidUsernameValidPaswrd" time="0.0">
    <ignored/>
  </testcase> <!-- verifyWhetherUserisAbleToLoginWithInvalidUsernameValidPaswrd -->
  <testcase classname="testScripts.LoginTest" name="verifyWheteherUserisAbleToLoginWithInvalidCredentials" time="0.0">
    <ignored/>
  </testcase> <!-- verifyWheteherUserisAbleToLoginWithInvalidCredentials -->
  <testcase classname="testScripts.LoginTest" name="verifyWhetherUserisAbleToLoginWithValidUsernameInvalidPaswrd" time="0.0">
    <ignored/>
  </testcase> <!-- verifyWhetherUserisAbleToLoginWithValidUsernameInvalidPaswrd -->
</testsuite> <!-- Default test -->
